{"numFailedTestSuites":4,"numFailedTests":8,"numPassedTestSuites":5,"numPassedTests":36,"numPendingTestSuites":0,"numPendingTests":0,"numRuntimeErrorTestSuites":0,"numTodoTests":0,"numTotalTestSuites":9,"numTotalTests":44,"openHandles":[],"snapshot":{"added":0,"didUpdate":false,"failure":false,"filesAdded":0,"filesRemoved":0,"filesRemovedList":[],"filesUnmatched":0,"filesUpdated":0,"matched":0,"total":0,"unchecked":0,"uncheckedKeysByFile":[],"unmatched":0,"updated":0},"startTime":1781784928200,"success":false,"testResults":[{"assertionResults":[{"ancestorTitles":["Calculations Integration - Billing Checkout"],"duration":1449,"failing":false,"failureDetails":[{"matcherResult":{"actual":3.21,"expected":3.22,"message":"expect(received).toBe(expected) // Object.is equality\n\nExpected: 3.22\nReceived: 3.21","name":"toBe","pass":false}}],"failureMessages":["Error: expect(received).toBe(expected) // Object.is equality\n\nExpected: 3.22\nReceived: 3.21\n    at Object.<anonymous> (C:\\Users\\tarek\\Desktop\\Working on medix v2\\backend\\tests\\integration\\calculations.test.js:65:36)\n    at processTicksAndRejections (node:internal/process/task_queues:103:5)"],"fullName":"Calculations Integration - Billing Checkout should correctly calculate total, GST, discount, and profit for a simple cash sale","invocations":1,"location":null,"numPassingAsserts":4,"retryReasons":[],"startAt":1781784936390,"status":"failed","title":"should correctly calculate total, GST, discount, and profit for a simple cash sale"},{"ancestorTitles":["Calculations Integration - Billing Checkout"],"duration":315,"failing":false,"failureDetails":[],"failureMessages":[],"fullName":"Calculations Integration - Billing Checkout should correctly calculate multi-item sale with discounts","invocations":1,"location":null,"numPassingAsserts":9,"retryReasons":[],"startAt":1781784937845,"status":"passed","title":"should correctly calculate multi-item sale with discounts"},{"ancestorTitles":["Calculations Integration - Billing Checkout"],"duration":341,"failing":false,"failureDetails":[],"failureMessages":[],"fullName":"Calculations Integration - Billing Checkout should calculate Doctor Fee and OTC items without discount","invocations":1,"location":null,"numPassingAsserts":7,"retryReasons":[],"startAt":1781784938162,"status":"passed","title":"should calculate Doctor Fee and OTC items without discount"},{"ancestorTitles":["Calculations Integration - Billing Checkout"],"duration":305,"failing":false,"failureDetails":[],"failureMessages":[],"fullName":"Calculations Integration - Billing Checkout should correctly calculate credit sales and update customer balance","invocations":1,"location":null,"numPassingAsserts":7,"retryReasons":[],"startAt":1781784938505,"status":"passed","title":"should correctly calculate credit sales and update customer balance"}],"endTime":1781784939131,"message":"  ● Calculations Integration - Billing Checkout › should correctly calculate total, GST, discount, and profit for a simple cash sale\n\n    expect(received).toBe(expected) // Object.is equality\n\n    Expected: 3.22\n    Received: 3.21\n\n    \u001b[0m \u001b[90m 63 |\u001b[39m         expect(invoice\u001b[33m.\u001b[39mtotal_discount)\u001b[33m.\u001b[39mtoBe(\u001b[35m0\u001b[39m)\u001b[33m;\u001b[39m\n     \u001b[90m 64 |\u001b[39m         expect(invoice\u001b[33m.\u001b[39mtotal_taxable)\u001b[33m.\u001b[39mtoBe(\u001b[35m53.57\u001b[39m)\u001b[33m;\u001b[39m\n    \u001b[31m\u001b[1m>\u001b[22m\u001b[39m\u001b[90m 65 |\u001b[39m         expect(invoice\u001b[33m.\u001b[39mtotal_cgst)\u001b[33m.\u001b[39mtoBe(\u001b[35m3.22\u001b[39m)\u001b[33m;\u001b[39m\n     \u001b[90m    |\u001b[39m                                    \u001b[31m\u001b[1m^\u001b[22m\u001b[39m\n     \u001b[90m 66 |\u001b[39m         expect(invoice\u001b[33m.\u001b[39mtotal_sgst)\u001b[33m.\u001b[39mtoBe(\u001b[35m3.21\u001b[39m)\u001b[33m;\u001b[39m\n     \u001b[90m 67 |\u001b[39m         expect(invoice\u001b[33m.\u001b[39mtotal_profit)\u001b[33m.\u001b[39mtoBe(\u001b[35m20\u001b[39m)\u001b[33m;\u001b[39m\n     \u001b[90m 68 |\u001b[39m         expect(invoice\u001b[33m.\u001b[39mgrand_total)\u001b[33m.\u001b[39mtoBe(\u001b[35m60\u001b[39m)\u001b[33m;\u001b[39m\u001b[0m\n\n      at Object.<anonymous> (tests/integration/calculations.test.js:65:36)\n","name":"C:\\Users\\tarek\\Desktop\\Working on medix v2\\backend\\tests\\integration\\calculations.test.js","startTime":1781784928303,"status":"failed","summary":""},{"assertionResults":[{"ancestorTitles":["Inventory / Product API Integration","CRUD for products under /api/v1/product"],"duration":934,"failing":false,"failureDetails":[{"matcherResult":{"actual":201,"expected":200,"message":"expect(received).toBe(expected) // Object.is equality\n\nExpected: 200\nReceived: 201","name":"toBe","pass":false}}],"failureMessages":["Error: expect(received).toBe(expected) // Object.is equality\n\nExpected: 200\nReceived: 201\n    at Object.<anonymous> (C:\\Users\\tarek\\Desktop\\Working on medix v2\\backend\\tests\\integration\\inventory.test.js:58:26)\n    at processTicksAndRejections (node:internal/process/task_queues:103:5)"],"fullName":"Inventory / Product API Integration CRUD for products under /api/v1/product should create a new product","invocations":1,"location":null,"numPassingAsserts":0,"retryReasons":[],"startAt":1781784944329,"status":"failed","title":"should create a new product"},{"ancestorTitles":["Inventory / Product API Integration","CRUD for products under /api/v1/product"],"duration":272,"failing":false,"failureDetails":[],"failureMessages":[],"fullName":"Inventory / Product API Integration CRUD for products under /api/v1/product should list all products","invocations":1,"location":null,"numPassingAsserts":2,"retryReasons":[],"startAt":1781784945274,"status":"passed","title":"should list all products"},{"ancestorTitles":["Inventory / Product API Integration","CRUD for products under /api/v1/product"],"duration":255,"failing":false,"failureDetails":[],"failureMessages":[],"fullName":"Inventory / Product API Integration CRUD for products under /api/v1/product should get a product by ID","invocations":1,"location":null,"numPassingAsserts":2,"retryReasons":[],"startAt":1781784945548,"status":"passed","title":"should get a product by ID"},{"ancestorTitles":["Inventory / Product API Integration","CRUD for products under /api/v1/product"],"duration":294,"failing":false,"failureDetails":[],"failureMessages":[],"fullName":"Inventory / Product API Integration CRUD for products under /api/v1/product should update a product","invocations":1,"location":null,"numPassingAsserts":5,"retryReasons":[],"startAt":1781784945804,"status":"passed","title":"should update a product"},{"ancestorTitles":["Inventory / Product API Integration","CRUD for products under /api/v1/product"],"duration":273,"failing":false,"failureDetails":[],"failureMessages":[],"fullName":"Inventory / Product API Integration CRUD for products under /api/v1/product should delete a product","invocations":1,"location":null,"numPassingAsserts":2,"retryReasons":[],"startAt":1781784946098,"status":"passed","title":"should delete a product"},{"ancestorTitles":["Inventory / Product API Integration","Inventory Edge Cases (Checkout integration)"],"duration":316,"failing":false,"failureDetails":[],"failureMessages":[],"fullName":"Inventory / Product API Integration Inventory Edge Cases (Checkout integration) should prevent negative stock (insufficient stock check)","invocations":1,"location":null,"numPassingAsserts":3,"retryReasons":[],"startAt":1781784946371,"status":"passed","title":"should prevent negative stock (insufficient stock check)"},{"ancestorTitles":["Inventory / Product API Integration","Inventory Edge Cases (Checkout integration)"],"duration":397,"failing":false,"failureDetails":[],"failureMessages":[],"fullName":"Inventory / Product API Integration Inventory Edge Cases (Checkout integration) should remove batch-specific products when stock reaches zero","invocations":1,"location":null,"numPassingAsserts":2,"retryReasons":[],"startAt":1781784946689,"status":"passed","title":"should remove batch-specific products when stock reaches zero"},{"ancestorTitles":["Inventory / Product API Integration","Inventory Edge Cases (Checkout integration)"],"duration":346,"failing":false,"failureDetails":[],"failureMessages":[],"fullName":"Inventory / Product API Integration Inventory Edge Cases (Checkout integration) should retain non-batch products even when stock reaches zero","invocations":1,"location":null,"numPassingAsserts":3,"retryReasons":[],"startAt":1781784947087,"status":"passed","title":"should retain non-batch products even when stock reaches zero"}],"endTime":1781784947767,"message":"  ● Inventory / Product API Integration › CRUD for products under /api/v1/product › should create a new product\n\n    expect(received).toBe(expected) // Object.is equality\n\n    Expected: 200\n    Received: 201\n\n    \u001b[0m \u001b[90m 56 |\u001b[39m         \u001b[33m.\u001b[39msend(payload)\u001b[33m;\u001b[39m\n     \u001b[90m 57 |\u001b[39m\n    \u001b[31m\u001b[1m>\u001b[22m\u001b[39m\u001b[90m 58 |\u001b[39m       expect(res\u001b[33m.\u001b[39mstatus)\u001b[33m.\u001b[39mtoBe(\u001b[35m200\u001b[39m)\u001b[33m;\u001b[39m\n     \u001b[90m    |\u001b[39m                          \u001b[31m\u001b[1m^\u001b[22m\u001b[39m\n     \u001b[90m 59 |\u001b[39m       expect(res\u001b[33m.\u001b[39mbody\u001b[33m.\u001b[39mdata\u001b[33m.\u001b[39mmedicine_name)\u001b[33m.\u001b[39mtoBe(\u001b[32m'NEW MED'\u001b[39m)\u001b[33m;\u001b[39m\n     \u001b[90m 60 |\u001b[39m       expect(res\u001b[33m.\u001b[39mbody\u001b[33m.\u001b[39mdata\u001b[33m.\u001b[39mquantity)\u001b[33m.\u001b[39mtoBe(\u001b[35m100\u001b[39m)\u001b[33m;\u001b[39m\n     \u001b[90m 61 |\u001b[39m       \u001b[0m\n\n      at Object.<anonymous> (tests/integration/inventory.test.js:58:26)\n","name":"C:\\Users\\tarek\\Desktop\\Working on medix v2\\backend\\tests\\integration\\inventory.test.js","startTime":1781784939200,"status":"failed","summary":""},{"assertionResults":[{"ancestorTitles":["Critical Flows Regression E2E"],"duration":219,"failing":false,"failureDetails":[{"matcherResult":{"message":"expect(received).toBeDefined()\n\nReceived: undefined","pass":false}}],"failureMessages":["Error: expect(received).toBeDefined()\n\nReceived: undefined\n    at Object.<anonymous> (C:\\Users\\tarek\\Desktop\\Working on medix v2\\backend\\tests\\e2e\\criticalRegression.test.js:50:34)\n    at processTicksAndRejections (node:internal/process/task_queues:103:5)"],"fullName":"Critical Flows Regression E2E Step 1: Should create a new product","invocations":1,"location":null,"numPassingAsserts":1,"retryReasons":[],"startAt":1781784952610,"status":"failed","title":"Step 1: Should create a new product"},{"ancestorTitles":["Critical Flows Regression E2E"],"duration":143,"failing":false,"failureDetails":[{"matcherResult":{"actual":500,"expected":200,"message":"expect(received).toBe(expected) // Object.is equality\n\nExpected: 200\nReceived: 500","name":"toBe","pass":false}}],"failureMessages":["Error: expect(received).toBe(expected) // Object.is equality\n\nExpected: 200\nReceived: 500\n    at Object.<anonymous> (C:\\Users\\tarek\\Desktop\\Working on medix v2\\backend\\tests\\e2e\\criticalRegression.test.js:80:28)\n    at processTicksAndRejections (node:internal/process/task_queues:103:5)"],"fullName":"Critical Flows Regression E2E Step 2: Should checkout with the created product","invocations":1,"location":null,"numPassingAsserts":0,"retryReasons":[],"startAt":1781784952834,"status":"failed","title":"Step 2: Should checkout with the created product"},{"ancestorTitles":["Critical Flows Regression E2E"],"duration":159,"failing":false,"failureDetails":[{"matcherResult":{"actual":500,"expected":200,"message":"expect(received).toBe(expected) // Object.is equality\n\nExpected: 200\nReceived: 500","name":"toBe","pass":false}}],"failureMessages":["Error: expect(received).toBe(expected) // Object.is equality\n\nExpected: 200\nReceived: 500\n    at Object.<anonymous> (C:\\Users\\tarek\\Desktop\\Working on medix v2\\backend\\tests\\e2e\\criticalRegression.test.js:112:28)\n    at processTicksAndRejections (node:internal/process/task_queues:103:5)"],"fullName":"Critical Flows Regression E2E Step 3: Should edit the sale and update inventory correctly","invocations":1,"location":null,"numPassingAsserts":0,"retryReasons":[],"startAt":1781784952978,"status":"failed","title":"Step 3: Should edit the sale and update inventory correctly"},{"ancestorTitles":["Critical Flows Regression E2E"],"duration":203,"failing":false,"failureDetails":[{}],"failureMessages":["TypeError: Cannot read properties of null (reading 'quantity')\n    at Object.<anonymous> (C:\\Users\\tarek\\Desktop\\Working on medix v2\\backend\\tests\\e2e\\criticalRegression.test.js:158:27)\n    at processTicksAndRejections (node:internal/process/task_queues:103:5)"],"fullName":"Critical Flows Regression E2E Step 4: Should auto import and update existing inventory / insert new","invocations":1,"location":null,"numPassingAsserts":1,"retryReasons":[],"startAt":1781784953139,"status":"failed","title":"Step 4: Should auto import and update existing inventory / insert new"}],"endTime":1781784953660,"message":"  ● Critical Flows Regression E2E › Step 1: Should create a new product\n\n    expect(received).toBeDefined()\n\n    Received: undefined\n\n    \u001b[0m \u001b[90m 48 |\u001b[39m         \u001b[90m// Assert\u001b[39m\n     \u001b[90m 49 |\u001b[39m         expect(res\u001b[33m.\u001b[39mstatus)\u001b[33m.\u001b[39mtoBe(\u001b[35m201\u001b[39m)\u001b[33m;\u001b[39m\n    \u001b[31m\u001b[1m>\u001b[22m\u001b[39m\u001b[90m 50 |\u001b[39m         expect(res\u001b[33m.\u001b[39mbody\u001b[33m.\u001b[39mproduct)\u001b[33m.\u001b[39mtoBeDefined()\u001b[33m;\u001b[39m\n     \u001b[90m    |\u001b[39m                                  \u001b[31m\u001b[1m^\u001b[22m\u001b[39m\n     \u001b[90m 51 |\u001b[39m         createdProductId \u001b[33m=\u001b[39m res\u001b[33m.\u001b[39mbody\u001b[33m.\u001b[39mproduct\u001b[33m.\u001b[39m_id\u001b[33m;\u001b[39m\n     \u001b[90m 52 |\u001b[39m         expect(res\u001b[33m.\u001b[39mbody\u001b[33m.\u001b[39mproduct\u001b[33m.\u001b[39mmedicine_name)\u001b[33m.\u001b[39mtoBe(\u001b[32m\"E2E_TEST_MEDICINE\"\u001b[39m)\u001b[33m;\u001b[39m\n     \u001b[90m 53 |\u001b[39m         \u001b[0m\n\n      at Object.<anonymous> (tests/e2e/criticalRegression.test.js:50:34)\n\n  ● Critical Flows Regression E2E › Step 2: Should checkout with the created product\n\n    expect(received).toBe(expected) // Object.is equality\n\n    Expected: 200\n    Received: 500\n\n    \u001b[0m \u001b[90m 78 |\u001b[39m\n     \u001b[90m 79 |\u001b[39m         \u001b[90m// Assert\u001b[39m\n    \u001b[31m\u001b[1m>\u001b[22m\u001b[39m\u001b[90m 80 |\u001b[39m         expect(res\u001b[33m.\u001b[39mstatus)\u001b[33m.\u001b[39mtoBe(\u001b[35m200\u001b[39m)\u001b[33m;\u001b[39m\n     \u001b[90m    |\u001b[39m                            \u001b[31m\u001b[1m^\u001b[22m\u001b[39m\n     \u001b[90m 81 |\u001b[39m         expect(res\u001b[33m.\u001b[39mbody\u001b[33m.\u001b[39minvoice)\u001b[33m.\u001b[39mtoBeDefined()\u001b[33m;\u001b[39m\n     \u001b[90m 82 |\u001b[39m         createdSaleId \u001b[33m=\u001b[39m res\u001b[33m.\u001b[39mbody\u001b[33m.\u001b[39minvoice\u001b[33m.\u001b[39m_id\u001b[33m;\u001b[39m\n     \u001b[90m 83 |\u001b[39m         \u001b[0m\n\n      at Object.<anonymous> (tests/e2e/criticalRegression.test.js:80:28)\n\n  ● Critical Flows Regression E2E › Step 3: Should edit the sale and update inventory correctly\n\n    expect(received).toBe(expected) // Object.is equality\n\n    Expected: 200\n    Received: 500\n\n    \u001b[0m \u001b[90m 110 |\u001b[39m\n     \u001b[90m 111 |\u001b[39m         \u001b[90m// Assert\u001b[39m\n    \u001b[31m\u001b[1m>\u001b[22m\u001b[39m\u001b[90m 112 |\u001b[39m         expect(res\u001b[33m.\u001b[39mstatus)\u001b[33m.\u001b[39mtoBe(\u001b[35m200\u001b[39m)\u001b[33m;\u001b[39m\n     \u001b[90m     |\u001b[39m                            \u001b[31m\u001b[1m^\u001b[22m\u001b[39m\n     \u001b[90m 113 |\u001b[39m         expect(res\u001b[33m.\u001b[39mbody\u001b[33m.\u001b[39minvoice\u001b[33m.\u001b[39mgrand_total)\u001b[33m.\u001b[39mtoBe(\u001b[35m450\u001b[39m)\u001b[33m;\u001b[39m\n     \u001b[90m 114 |\u001b[39m\n     \u001b[90m 115 |\u001b[39m         \u001b[90m// Check DB product quantity. Original 50. Sold 10 -> 40. Edited to 5 -> 45.\u001b[39m\u001b[0m\n\n      at Object.<anonymous> (tests/e2e/criticalRegression.test.js:112:28)\n\n  ● Critical Flows Regression E2E › Step 4: Should auto import and update existing inventory / insert new\n\n    TypeError: Cannot read properties of null (reading 'quantity')\n\n    \u001b[0m \u001b[90m 156 |\u001b[39m         \u001b[90m// E2E product should now be 45 + 20 = 65\u001b[39m\n     \u001b[90m 157 |\u001b[39m         \u001b[36mconst\u001b[39m updatedE2E \u001b[33m=\u001b[39m \u001b[36mawait\u001b[39m \u001b[33mInventory\u001b[39m\u001b[33m.\u001b[39mfindById(createdProductId)\u001b[33m;\u001b[39m\n    \u001b[31m\u001b[1m>\u001b[22m\u001b[39m\u001b[90m 158 |\u001b[39m         expect(updatedE2E\u001b[33m.\u001b[39mquantity)\u001b[33m.\u001b[39mtoBe(\u001b[35m65\u001b[39m)\u001b[33m;\u001b[39m\n     \u001b[90m     |\u001b[39m                           \u001b[31m\u001b[1m^\u001b[22m\u001b[39m\n     \u001b[90m 159 |\u001b[39m\n     \u001b[90m 160 |\u001b[39m         \u001b[90m// New product should exist\u001b[39m\n     \u001b[90m 161 |\u001b[39m         \u001b[36mconst\u001b[39m newProduct \u001b[33m=\u001b[39m \u001b[36mawait\u001b[39m \u001b[33mInventory\u001b[39m\u001b[33m.\u001b[39mfindOne({ medicine_name\u001b[33m:\u001b[39m \u001b[32m\"NEW_IMPORT_MED\"\u001b[39m\u001b[33m,\u001b[39m storeId\u001b[33m:\u001b[39m \u001b[33mIDS\u001b[39m\u001b[33m.\u001b[39mstore })\u001b[33m;\u001b[39m\u001b[0m\n\n      at Object.<anonymous> (tests/e2e/criticalRegression.test.js:158:27)\n","name":"C:\\Users\\tarek\\Desktop\\Working on medix v2\\backend\\tests\\e2e\\criticalRegression.test.js","startTime":1781784947817,"status":"failed","summary":""},{"assertionResults":[{"ancestorTitles":["Barcode Generation Service - getNextShortBarcode"],"duration":299,"failing":false,"failureDetails":[],"failureMessages":[],"fullName":"Barcode Generation Service - getNextShortBarcode should generate 100001 for a new store with no inventory or counter","invocations":1,"location":null,"numPassingAsserts":3,"retryReasons":[],"startAt":1781784955742,"status":"passed","title":"should generate 100001 for a new store with no inventory or counter"},{"ancestorTitles":["Barcode Generation Service - getNextShortBarcode"],"duration":44,"failing":false,"failureDetails":[{"errors":{"quantity":{"properties":{"message":"Path `quantity` is required.","type":"required","path":"quantity"},"kind":"required","path":"quantity"}},"_message":"Inventory validation failed"}],"failureMessages":["ValidationError: Inventory validation failed: quantity: Path `quantity` is required.\n    at model.Document.invalidate (C:\\Users\\tarek\\Desktop\\Working on medix v2\\backend\\node_modules\\mongoose\\lib\\document.js:3405:32)\n    at validatePath (C:\\Users\\tarek\\Desktop\\Working on medix v2\\backend\\node_modules\\mongoose\\lib\\document.js:3177:13)\n    at processTicksAndRejections (node:internal/process/task_queues:103:5)\n    at async Promise.all (index 0)\n    at model.$__validate (C:\\Users\\tarek\\Desktop\\Working on medix v2\\backend\\node_modules\\mongoose\\lib\\document.js:3118:3)\n    at model.validate (C:\\Users\\tarek\\Desktop\\Working on medix v2\\backend\\node_modules\\mongoose\\lib\\document.js:2687:5)\n    at model.validateBeforeSavePreSave (C:\\Users\\tarek\\Desktop\\Working on medix v2\\backend\\node_modules\\mongoose\\lib\\plugins\\validateBeforeSave.js:39:5)\n    at Kareem.execPre (C:\\Users\\tarek\\Desktop\\Working on medix v2\\backend\\node_modules\\kareem\\index.js:70:24)\n    at model.$__save (C:\\Users\\tarek\\Desktop\\Working on medix v2\\backend\\node_modules\\mongoose\\lib\\model.js:371:5)\n    at model.save (C:\\Users\\tarek\\Desktop\\Working on medix v2\\backend\\node_modules\\mongoose\\lib\\model.js:614:5)\n    at C:\\Users\\tarek\\Desktop\\Working on medix v2\\backend\\node_modules\\mongoose\\lib\\model.js:2750:9\n    at async Promise.all (index 0)\n    at model.create (C:\\Users\\tarek\\Desktop\\Working on medix v2\\backend\\node_modules\\mongoose\\lib\\model.js:2735:11)\n    at Object.<anonymous> (C:\\Users\\tarek\\Desktop\\Working on medix v2\\backend\\tests\\unit\\barcodeGeneration.test.js:38:9)"],"fullName":"Barcode Generation Service - getNextShortBarcode should continue from highest inventory short_barcode if no counter exists","invocations":1,"location":null,"numPassingAsserts":0,"retryReasons":[],"startAt":1781784956044,"status":"failed","title":"should continue from highest inventory short_barcode if no counter exists"},{"ancestorTitles":["Barcode Generation Service - getNextShortBarcode"],"duration":118,"failing":false,"failureDetails":[],"failureMessages":[],"fullName":"Barcode Generation Service - getNextShortBarcode should increment the counter when it exists and is >= base","invocations":1,"location":null,"numPassingAsserts":2,"retryReasons":[],"startAt":1781784956109,"status":"passed","title":"should increment the counter when it exists and is >= base"},{"ancestorTitles":["Barcode Generation Service - getNextShortBarcode"],"duration":28,"failing":false,"failureDetails":[{"errors":{"quantity":{"properties":{"message":"Path `quantity` is required.","type":"required","path":"quantity"},"kind":"required","path":"quantity"}},"_message":"Inventory validation failed"}],"failureMessages":["ValidationError: Inventory validation failed: quantity: Path `quantity` is required.\n    at model.Document.invalidate (C:\\Users\\tarek\\Desktop\\Working on medix v2\\backend\\node_modules\\mongoose\\lib\\document.js:3405:32)\n    at validatePath (C:\\Users\\tarek\\Desktop\\Working on medix v2\\backend\\node_modules\\mongoose\\lib\\document.js:3177:13)\n    at processTicksAndRejections (node:internal/process/task_queues:103:5)\n    at async Promise.all (index 0)\n    at model.$__validate (C:\\Users\\tarek\\Desktop\\Working on medix v2\\backend\\node_modules\\mongoose\\lib\\document.js:3118:3)\n    at model.validate (C:\\Users\\tarek\\Desktop\\Working on medix v2\\backend\\node_modules\\mongoose\\lib\\document.js:2687:5)\n    at model.validateBeforeSavePreSave (C:\\Users\\tarek\\Desktop\\Working on medix v2\\backend\\node_modules\\mongoose\\lib\\plugins\\validateBeforeSave.js:39:5)\n    at Kareem.execPre (C:\\Users\\tarek\\Desktop\\Working on medix v2\\backend\\node_modules\\kareem\\index.js:70:24)\n    at model.$__save (C:\\Users\\tarek\\Desktop\\Working on medix v2\\backend\\node_modules\\mongoose\\lib\\model.js:371:5)\n    at model.save (C:\\Users\\tarek\\Desktop\\Working on medix v2\\backend\\node_modules\\mongoose\\lib\\model.js:614:5)\n    at C:\\Users\\tarek\\Desktop\\Working on medix v2\\backend\\node_modules\\mongoose\\lib\\model.js:2750:9\n    at async Promise.all (index 0)\n    at model.create (C:\\Users\\tarek\\Desktop\\Working on medix v2\\backend\\node_modules\\mongoose\\lib\\model.js:2735:11)\n    at Object.<anonymous> (C:\\Users\\tarek\\Desktop\\Working on medix v2\\backend\\tests\\unit\\barcodeGeneration.test.js:73:9)"],"fullName":"Barcode Generation Service - getNextShortBarcode should sync counter to the highest inventory barcode if counter is lagging","invocations":1,"location":null,"numPassingAsserts":0,"retryReasons":[],"startAt":1781784956228,"status":"failed","title":"should sync counter to the highest inventory barcode if counter is lagging"},{"ancestorTitles":["Barcode Generation Service - getNextShortBarcode"],"duration":177,"failing":false,"failureDetails":[],"failureMessages":[],"fullName":"Barcode Generation Service - getNextShortBarcode should handle sequential generations properly","invocations":1,"location":null,"numPassingAsserts":4,"retryReasons":[],"startAt":1781784956258,"status":"passed","title":"should handle sequential generations properly"}],"endTime":1781784956705,"message":"  ● Barcode Generation Service - getNextShortBarcode › should continue from highest inventory short_barcode if no counter exists\n\n    ValidationError: Inventory validation failed: quantity: Path `quantity` is required.\n\n    \u001b[0m \u001b[90m 36 |\u001b[39m     it(\u001b[32m'should continue from highest inventory short_barcode if no counter exists'\u001b[39m\u001b[33m,\u001b[39m \u001b[36masync\u001b[39m () \u001b[33m=>\u001b[39m {\n     \u001b[90m 37 |\u001b[39m         \u001b[90m// Arrange\u001b[39m\n    \u001b[31m\u001b[1m>\u001b[22m\u001b[39m\u001b[90m 38 |\u001b[39m         \u001b[36mawait\u001b[39m \u001b[33mInventory\u001b[39m\u001b[33m.\u001b[39mcreate({\n     \u001b[90m    |\u001b[39m         \u001b[31m\u001b[1m^\u001b[22m\u001b[39m\n     \u001b[90m 39 |\u001b[39m             storeId\u001b[33m:\u001b[39m mockStoreId\u001b[33m,\u001b[39m\n     \u001b[90m 40 |\u001b[39m             medicine_name\u001b[33m:\u001b[39m \u001b[32m'Test Med'\u001b[39m\u001b[33m,\u001b[39m\n     \u001b[90m 41 |\u001b[39m             mrp\u001b[33m:\u001b[39m \u001b[35m10\u001b[39m\u001b[33m,\u001b[39m\u001b[0m\n\n      at model.Document.invalidate (node_modules/mongoose/lib/document.js:3405:32)\n      at validatePath (node_modules/mongoose/lib/document.js:3177:13)\n          at async Promise.all (index 0)\n      at model.$__validate (node_modules/mongoose/lib/document.js:3118:3)\n      at model.validate (node_modules/mongoose/lib/document.js:2687:5)\n      at model.validateBeforeSavePreSave (node_modules/mongoose/lib/plugins/validateBeforeSave.js:39:5)\n      at Kareem.execPre (node_modules/kareem/index.js:70:24)\n      at model.$__save (node_modules/mongoose/lib/model.js:371:5)\n      at model.save (node_modules/mongoose/lib/model.js:614:5)\n      at node_modules/mongoose/lib/model.js:2750:9\n          at async Promise.all (index 0)\n      at model.create (node_modules/mongoose/lib/model.js:2735:11)\n      at Object.<anonymous> (tests/unit/barcodeGeneration.test.js:38:9)\n\n  ● Barcode Generation Service - getNextShortBarcode › should sync counter to the highest inventory barcode if counter is lagging\n\n    ValidationError: Inventory validation failed: quantity: Path `quantity` is required.\n\n    \u001b[0m \u001b[90m 71 |\u001b[39m         \u001b[90m// Arrange\u001b[39m\n     \u001b[90m 72 |\u001b[39m         \u001b[90m// Create an inventory item with a much higher short_barcode\u001b[39m\n    \u001b[31m\u001b[1m>\u001b[22m\u001b[39m\u001b[90m 73 |\u001b[39m         \u001b[36mawait\u001b[39m \u001b[33mInventory\u001b[39m\u001b[33m.\u001b[39mcreate({\n     \u001b[90m    |\u001b[39m         \u001b[31m\u001b[1m^\u001b[22m\u001b[39m\n     \u001b[90m 74 |\u001b[39m             storeId\u001b[33m:\u001b[39m mockStoreId\u001b[33m,\u001b[39m\n     \u001b[90m 75 |\u001b[39m             medicine_name\u001b[33m:\u001b[39m \u001b[32m'High Barcode Med'\u001b[39m\u001b[33m,\u001b[39m\n     \u001b[90m 76 |\u001b[39m             mrp\u001b[33m:\u001b[39m \u001b[35m15\u001b[39m\u001b[33m,\u001b[39m\u001b[0m\n\n      at model.Document.invalidate (node_modules/mongoose/lib/document.js:3405:32)\n      at validatePath (node_modules/mongoose/lib/document.js:3177:13)\n          at async Promise.all (index 0)\n      at model.$__validate (node_modules/mongoose/lib/document.js:3118:3)\n      at model.validate (node_modules/mongoose/lib/document.js:2687:5)\n      at model.validateBeforeSavePreSave (node_modules/mongoose/lib/plugins/validateBeforeSave.js:39:5)\n      at Kareem.execPre (node_modules/kareem/index.js:70:24)\n      at model.$__save (node_modules/mongoose/lib/model.js:371:5)\n      at model.save (node_modules/mongoose/lib/model.js:614:5)\n      at node_modules/mongoose/lib/model.js:2750:9\n          at async Promise.all (index 0)\n      at model.create (node_modules/mongoose/lib/model.js:2735:11)\n      at Object.<anonymous> (tests/unit/barcodeGeneration.test.js:73:9)\n","name":"C:\\Users\\tarek\\Desktop\\Working on medix v2\\backend\\tests\\unit\\barcodeGeneration.test.js","startTime":1781784953693,"status":"failed","summary":""},{"assertionResults":[{"ancestorTitles":["Billing Checkout API Integration"],"duration":694,"failing":false,"failureDetails":[],"failureMessages":[],"fullName":"Billing Checkout API Integration should process a single item cash sale successfully","invocations":1,"location":null,"numPassingAsserts":6,"retryReasons":[],"startAt":1781784960796,"status":"passed","title":"should process a single item cash sale successfully"},{"ancestorTitles":["Billing Checkout API Integration"],"duration":284,"failing":false,"failureDetails":[],"failureMessages":[],"fullName":"Billing Checkout API Integration should process multiple items cash sale with discount successfully","invocations":1,"location":null,"numPassingAsserts":4,"retryReasons":[],"startAt":1781784961493,"status":"passed","title":"should process multiple items cash sale with discount successfully"},{"ancestorTitles":["Billing Checkout API Integration"],"duration":280,"failing":false,"failureDetails":[],"failureMessages":[],"fullName":"Billing Checkout API Integration should process a credit sale and update customer balance","invocations":1,"location":null,"numPassingAsserts":4,"retryReasons":[],"startAt":1781784961778,"status":"passed","title":"should process a credit sale and update customer balance"},{"ancestorTitles":["Billing Checkout API Integration"],"duration":166,"failing":false,"failureDetails":[],"failureMessages":[],"fullName":"Billing Checkout API Integration should reject checkout when cart is empty","invocations":1,"location":null,"numPassingAsserts":2,"retryReasons":[],"startAt":1781784962060,"status":"passed","title":"should reject checkout when cart is empty"},{"ancestorTitles":["Billing Checkout API Integration"],"duration":246,"failing":false,"failureDetails":[],"failureMessages":[],"fullName":"Billing Checkout API Integration should reject checkout on insufficient stock","invocations":1,"location":null,"numPassingAsserts":3,"retryReasons":[],"startAt":1781784962227,"status":"passed","title":"should reject checkout on insufficient stock"},{"ancestorTitles":["Billing Checkout API Integration"],"duration":217,"failing":false,"failureDetails":[],"failureMessages":[],"fullName":"Billing Checkout API Integration should correctly handle checkout with doctor fee and otc items","invocations":1,"location":null,"numPassingAsserts":5,"retryReasons":[],"startAt":1781784962474,"status":"passed","title":"should correctly handle checkout with doctor fee and otc items"}],"endTime":1781784962904,"message":"","name":"C:\\Users\\tarek\\Desktop\\Working on medix v2\\backend\\tests\\integration\\billing.test.js","startTime":1781784956754,"status":"passed","summary":""},{"assertionResults":[{"ancestorTitles":["Customer API Integration"],"duration":907,"failing":false,"failureDetails":[],"failureMessages":[],"fullName":"Customer API Integration should create a new customer","invocations":1,"location":null,"numPassingAsserts":6,"retryReasons":[],"startAt":1781784966986,"status":"passed","title":"should create a new customer"},{"ancestorTitles":["Customer API Integration"],"duration":296,"failing":false,"failureDetails":[],"failureMessages":[],"fullName":"Customer API Integration should not create a customer with existing phone number","invocations":1,"location":null,"numPassingAsserts":2,"retryReasons":[],"startAt":1781784967895,"status":"passed","title":"should not create a customer with existing phone number"},{"ancestorTitles":["Customer API Integration"],"duration":304,"failing":false,"failureDetails":[],"failureMessages":[],"fullName":"Customer API Integration should update an existing customer","invocations":1,"location":null,"numPassingAsserts":4,"retryReasons":[],"startAt":1781784968192,"status":"passed","title":"should update an existing customer"},{"ancestorTitles":["Customer API Integration"],"duration":231,"failing":false,"failureDetails":[],"failureMessages":[],"fullName":"Customer API Integration should fetch customer credit balance correctly","invocations":1,"location":null,"numPassingAsserts":2,"retryReasons":[],"startAt":1781784968497,"status":"passed","title":"should fetch customer credit balance correctly"},{"ancestorTitles":["Customer API Integration"],"duration":373,"failing":false,"failureDetails":[],"failureMessages":[],"fullName":"Customer API Integration should pay customer due and update credit balance","invocations":1,"location":null,"numPassingAsserts":4,"retryReasons":[],"startAt":1781784968728,"status":"passed","title":"should pay customer due and update credit balance"},{"ancestorTitles":["Customer API Integration"],"duration":259,"failing":false,"failureDetails":[],"failureMessages":[],"fullName":"Customer API Integration should fetch all customers","invocations":1,"location":null,"numPassingAsserts":3,"retryReasons":[],"startAt":1781784969105,"status":"passed","title":"should fetch all customers"}],"endTime":1781784969625,"message":"","name":"C:\\Users\\tarek\\Desktop\\Working on medix v2\\backend\\tests\\integration\\customer.test.js","startTime":1781784962929,"status":"passed","summary":""},{"assertionResults":[{"ancestorTitles":["Edit Sale API Integration"],"duration":1178,"failing":false,"failureDetails":[],"failureMessages":[],"fullName":"Edit Sale API Integration should successfully edit a sale, revert old stock, and deduct new stock","invocations":1,"location":null,"numPassingAsserts":10,"retryReasons":[],"startAt":1781784973739,"status":"passed","title":"should successfully edit a sale, revert old stock, and deduct new stock"},{"ancestorTitles":["Edit Sale API Integration"],"duration":661,"failing":false,"failureDetails":[],"failureMessages":[],"fullName":"Edit Sale API Integration should revert customer credit when editing a sale and update correctly","invocations":1,"location":null,"numPassingAsserts":3,"retryReasons":[],"startAt":1781784974920,"status":"passed","title":"should revert customer credit when editing a sale and update correctly"},{"ancestorTitles":["Edit Sale API Integration"],"duration":506,"failing":false,"failureDetails":[],"failureMessages":[],"fullName":"Edit Sale API Integration should not allow editing sale with insufficient stock","invocations":1,"location":null,"numPassingAsserts":4,"retryReasons":[],"startAt":1781784975582,"status":"passed","title":"should not allow editing sale with insufficient stock"}],"endTime":1781784976409,"message":"","name":"C:\\Users\\tarek\\Desktop\\Working on medix v2\\backend\\tests\\integration\\editSale.test.js","startTime":1781784969690,"status":"passed","summary":""},{"assertionResults":[{"ancestorTitles":["Sales Analytics API Integration"],"duration":704,"failing":false,"failureDetails":[],"failureMessages":[],"fullName":"Sales Analytics API Integration should calculate today's sales accurately","invocations":1,"location":null,"numPassingAsserts":2,"retryReasons":[],"startAt":1781784981143,"status":"passed","title":"should calculate today's sales accurately"},{"ancestorTitles":["Sales Analytics API Integration"],"duration":265,"failing":false,"failureDetails":[],"failureMessages":[],"fullName":"Sales Analytics API Integration should calculate monthly sales and profit accurately","invocations":1,"location":null,"numPassingAsserts":3,"retryReasons":[],"startAt":1781784981850,"status":"passed","title":"should calculate monthly sales and profit accurately"}],"endTime":1781784982444,"message":"","name":"C:\\Users\\tarek\\Desktop\\Working on medix v2\\backend\\tests\\integration\\analytics.test.js","startTime":1781784976460,"status":"passed","summary":""},{"assertionResults":[{"ancestorTitles":["JSON Parser Service - safeParseJSON"],"duration":13,"failing":false,"failureDetails":[],"failureMessages":[],"fullName":"JSON Parser Service - safeParseJSON should parse valid JSON correctly","invocations":1,"location":null,"numPassingAsserts":1,"retryReasons":[],"startAt":1781784982946,"status":"passed","title":"should parse valid JSON correctly"},{"ancestorTitles":["JSON Parser Service - safeParseJSON"],"duration":4,"failing":false,"failureDetails":[],"failureMessages":[],"fullName":"JSON Parser Service - safeParseJSON should parse valid JSON surrounded by markdown backticks","invocations":1,"location":null,"numPassingAsserts":1,"retryReasons":[],"startAt":1781784982962,"status":"passed","title":"should parse valid JSON surrounded by markdown backticks"},{"ancestorTitles":["JSON Parser Service - safeParseJSON"],"duration":4,"failing":false,"failureDetails":[],"failureMessages":[],"fullName":"JSON Parser Service - safeParseJSON should parse valid JSON surrounded by markdown backticks without \"json\" identifier","invocations":1,"location":null,"numPassingAsserts":1,"retryReasons":[],"startAt":1781784982967,"status":"passed","title":"should parse valid JSON surrounded by markdown backticks without \"json\" identifier"},{"ancestorTitles":["JSON Parser Service - safeParseJSON"],"duration":43,"failing":false,"failureDetails":[],"failureMessages":[],"fullName":"JSON Parser Service - safeParseJSON should throw an error for malformed JSON","invocations":1,"location":null,"numPassingAsserts":1,"retryReasons":[],"startAt":1781784982972,"status":"passed","title":"should throw an error for malformed JSON"},{"ancestorTitles":["JSON Parser Service - safeParseJSON"],"duration":15,"failing":false,"failureDetails":[],"failureMessages":[],"fullName":"JSON Parser Service - safeParseJSON should throw an error for empty string","invocations":1,"location":null,"numPassingAsserts":1,"retryReasons":[],"startAt":1781784983017,"status":"passed","title":"should throw an error for empty string"},{"ancestorTitles":["JSON Parser Service - safeParseJSON"],"duration":31,"failing":false,"failureDetails":[],"failureMessages":[],"fullName":"JSON Parser Service - safeParseJSON should throw an error for null/undefined input","invocations":1,"location":null,"numPassingAsserts":2,"retryReasons":[],"startAt":1781784983033,"status":"passed","title":"should throw an error for null/undefined input"}],"endTime":1781784983072,"message":"","name":"C:\\Users\\tarek\\Desktop\\Working on medix v2\\backend\\tests\\unit\\jsonParser.test.js","startTime":1781784982497,"status":"passed","summary":""}],"wasInterrupted":false}
